<?xml version="1.0" encoding="UTF-8"?>
<!-- Generated by org.testng.reporters.JUnitReportReporter -->
<testsuite hostname="Oviya" failures="0" tests="1" name="com.day3.PathAndQueryParam" time="2.278" errors="0" timestamp="2023-09-11T03:35:41 IST" skipped="0">
  <testcase classname="com.day3.PathAndQueryParam" name="QuryandPath" time="2.278"/>
  <system-out/>
</testsuite> <!-- com.day3.PathAndQueryParam -->
