<?xml version="1.0" encoding="UTF-8"?>
<!-- Generated by org.testng.reporters.JUnitReportReporter -->
<testsuite hostname="Oviya" failures="0" tests="4" name="com.day4.ParsingResponseData" time="2.023" errors="0" timestamp="2023-09-12T07:37:31 IST" skipped="0">
  <testcase classname="com.day4.ParsingResponseData" name="simpleApproach" time="1.859"/>
  <system-out/>
  <testcase classname="com.day4.ParsingResponseData" name="ParsingResonseSearchBookTitle" time="0.082"/>
  <system-out/>
  <testcase classname="com.day4.ParsingResponseData" name="searchForTitleOfBookTest" time="0.027"/>
  <system-out/>
  <testcase classname="com.day4.ParsingResponseData" name="totalPrizeOfBooks" time="0.055"/>
  <system-out/>
</testsuite> <!-- com.day4.ParsingResponseData -->
