<?xml version="1.0" encoding="UTF-8"?>
<!-- Generated by org.testng.reporters.JUnitReportReporter -->
<testsuite hostname="Oviya" failures="0" tests="6" name="com.day7.TestBasicAuthentication" time="2.364" errors="0" timestamp="2023-09-15T06:46:59 IST" skipped="5">
  <testcase classname="com.day7.TestBasicAuthentication" name="apiKeyAuthentication" time="2.364"/>
  <system-out/>
  <testcase classname="com.day7.TestBasicAuthentication" name="auth2Authentication">
    <skipped/>
  </testcase> <!-- auth2Authentication -->
  <system-out/>
  <testcase classname="com.day7.TestBasicAuthentication" name="digestAuthentication">
    <skipped/>
  </testcase> <!-- digestAuthentication -->
  <system-out/>
  <testcase classname="com.day7.TestBasicAuthentication" name="bearerTokenAuthentication">
    <skipped/>
  </testcase> <!-- bearerTokenAuthentication -->
  <system-out/>
  <testcase classname="com.day7.TestBasicAuthentication" name="preemptiveAuthentication">
    <skipped/>
  </testcase> <!-- preemptiveAuthentication -->
  <system-out/>
  <testcase classname="com.day7.TestBasicAuthentication" name="basicAuthentication">
    <skipped/>
  </testcase> <!-- basicAuthentication -->
  <system-out/>
</testsuite> <!-- com.day7.TestBasicAuthentication -->
