<?xml version="1.0" encoding="UTF-8"?>
<!-- Generated by org.testng.reporters.JUnitReportReporter -->
<testsuite hostname="Oviya" failures="0" tests="1" name="com.day3.LogDemo" time="1.856" errors="0" timestamp="2023-09-11T05:42:45 IST" skipped="0">
  <testcase classname="com.day3.LogDemo" name="GetLogDetails" time="1.856"/>
  <system-out/>
</testsuite> <!-- com.day3.LogDemo -->
