<?xml version="1.0" encoding="UTF-8"?>
<!-- Generated by org.testng.reporters.JUnitReportReporter -->
<testsuite hostname="Oviya" failures="0" tests="2" name="com.day2.ExternalJSONFileApproach" time="1.769" errors="0" timestamp="2023-09-11T01:58:43 IST" skipped="0">
  <testcase classname="com.day2.ExternalJSONFileApproach" name="ExternalJsonTest" time="1.676"/>
  <system-out/>
  <testcase classname="com.day2.ExternalJSONFileApproach" name="DeleteStudent" time="0.093"/>
  <system-out/>
</testsuite> <!-- com.day2.ExternalJSONFileApproach -->
