<?xml version="1.0" encoding="UTF-8"?>
<!-- Generated by org.testng.reporters.JUnitReportReporter -->
<testsuite hostname="Oviya" failures="0" tests="1" name="com.api.test.Oauth" time="1.343" errors="0" timestamp="2023-10-01T00:24:23 IST" skipped="0">
  <testcase classname="com.api.test.Oauth" name="getCourseTest" time="1.343"/>
</testsuite> <!-- com.api.test.Oauth -->
