<?xml version="1.0" encoding="UTF-8"?>
<!-- Generated by org.testng.reporters.JUnitReportReporter -->
<testsuite hostname="Oviya" failures="0" tests="2" name="com.day3.HeadersValidation" time="2.787" errors="0" timestamp="2023-09-11T05:31:34 IST" skipped="0">
  <testcase classname="com.day3.HeadersValidation" name="validateFlipCartHeaders" time="2.320"/>
  <system-out/>
  <testcase classname="com.day3.HeadersValidation" name="CaptureMultipleGoogleHeaders" time="0.467"/>
  <system-out/>
</testsuite> <!-- com.day3.HeadersValidation -->
