<?xml version="1.0" encoding="UTF-8"?>
<!-- Generated by org.testng.reporters.JUnitReportReporter -->
<testsuite hostname="Oviya" failures="0" tests="2" name="com.day3.AllCookieInfo" time="3.154" errors="0" timestamp="2023-09-11T04:29:57 IST" skipped="0">
  <testcase classname="com.day3.AllCookieInfo" name="getflipkartCookies" time="1.432"/>
  <system-out/>
  <testcase classname="com.day3.AllCookieInfo" name="getGoogleCookies" time="1.722"/>
  <system-out/>
</testsuite> <!-- com.day3.AllCookieInfo -->
