<?xml version="1.0" encoding="UTF-8"?>
<!-- Generated by org.testng.reporters.JUnitReportReporter -->
<testsuite hostname="Oviya" failures="0" tests="4" name="com.api.tests.UserTests2" time="9.521" errors="0" timestamp="2023-09-20T10:43:47 IST" skipped="0">
  <testcase classname="com.api.tests.UserTests2" name="testPostUser" time="3.348"/>
  <testcase classname="com.api.tests.UserTests2" name="testGetUserByName" time="1.461"/>
  <testcase classname="com.api.tests.UserTests2" name="testUpdateUserByName" time="3.165"/>
  <testcase classname="com.api.tests.UserTests2" name="testDeleteUserByName" time="1.547"/>
</testsuite> <!-- com.api.tests.UserTests2 -->
