<?xml version="1.0" encoding="UTF-8"?>
<!-- Generated by org.testng.reporters.JUnitReportReporter -->
<testsuite hostname="Oviya" failures="0" tests="4" name="com.api.tests.UserTests" time="9.566" errors="0" timestamp="2023-09-20T10:15:29 IST" skipped="0">
  <testcase classname="com.api.tests.UserTests" name="testPostUser" time="3.519"/>
  <testcase classname="com.api.tests.UserTests" name="testGetUserByName" time="1.557"/>
  <testcase classname="com.api.tests.UserTests" name="testUpdateUserByName" time="2.959"/>
  <testcase classname="com.api.tests.UserTests" name="testDeleteUserByName" time="1.531"/>
</testsuite> <!-- com.api.tests.UserTests -->
