<?xml version="1.0" encoding="UTF-8"?>
<!-- Generated by org.testng.reporters.JUnitReportReporter -->
<testsuite hostname="Oviya" failures="0" tests="2" name="com.day2.POJOApproach" time="2.180" errors="0" timestamp="2023-09-11T01:40:19 IST" skipped="0">
  <testcase classname="com.day2.POJOApproach" name="PojoTest" time="2.085"/>
  <system-out/>
  <testcase classname="com.day2.POJOApproach" name="DeleteStudent" time="0.095"/>
  <system-out/>
</testsuite> <!-- com.day2.POJOApproach -->
