<?xml version="1.0" encoding="UTF-8"?>
<!-- Generated by org.testng.reporters.JUnitReportReporter -->
<testsuite hostname="Oviya" failures="0" tests="1" name="com.day3.CaptureSingleCookieDetails" time="3.548" errors="0" timestamp="2023-09-11T04:04:51 IST" skipped="0">
  <testcase classname="com.day3.CaptureSingleCookieDetails" name="getGoogleCookies" time="3.548"/>
  <system-out/>
</testsuite> <!-- com.day3.CaptureSingleCookieDetails -->
