<?xml version="1.0" encoding="UTF-8"?>
<!-- Generated by org.testng.reporters.JUnitReportReporter -->
<testsuite hostname="Oviya" failures="0" tests="2" name="com.day2.DifferentWaysResponseBody" time="1.958" errors="0" timestamp="2023-09-11T01:12:13 IST" skipped="0">
  <testcase classname="com.day2.DifferentWaysResponseBody" name="addStudent" time="1.895"/>
  <system-out/>
  <testcase classname="com.day2.DifferentWaysResponseBody" name="DeleteStudent" time="0.063"/>
  <system-out/>
</testsuite> <!-- com.day2.DifferentWaysResponseBody -->
