<?xml version="1.0" encoding="UTF-8"?>
<!-- Generated by org.testng.reporters.JUnitReportReporter -->
<testsuite hostname="Oviya" failures="0" tests="3" name="com.day2.AutomationTester" time="2.617" errors="0" timestamp="2023-09-11T02:46:21 IST" skipped="0">
  <testcase classname="com.day2.AutomationTester" name="createTester" time="2.456"/>
  <system-out/>
  <testcase classname="com.day2.AutomationTester" name="getTester" time="0.103"/>
  <system-out/>
  <testcase classname="com.day2.AutomationTester" name="deleteTester" time="0.058"/>
  <system-out/>
</testsuite> <!-- com.day2.AutomationTester -->
