<?xml version="1.0" encoding="UTF-8"?>
<!-- Generated by org.testng.reporters.JUnitReportReporter -->
<testsuite hostname="Oviya" failures="0" tests="8" name="com.api.framework.DDTests" time="14.185" errors="0" timestamp="2023-09-20T10:45:20 IST" skipped="0">
  <testcase classname="com.api.framework.DDTests" name="testPostuser" time="1.605"/>
  <testcase classname="com.api.framework.DDTests" name="testPostuser" time="1.475"/>
  <testcase classname="com.api.framework.DDTests" name="testPostuser" time="1.586"/>
  <testcase classname="com.api.framework.DDTests" name="testPostuser" time="3.460"/>
  <testcase classname="com.api.framework.DDTests" name="testDeleteUserByName" time="1.535"/>
  <testcase classname="com.api.framework.DDTests" name="testDeleteUserByName" time="1.531"/>
  <testcase classname="com.api.framework.DDTests" name="testDeleteUserByName" time="1.534"/>
  <testcase classname="com.api.framework.DDTests" name="testDeleteUserByName" time="1.459"/>
</testsuite> <!-- com.api.framework.DDTests -->
