<?xml version="1.0" encoding="UTF-8"?>
<!-- Generated by org.testng.reporters.JUnitReportReporter -->
<testsuite hostname="Oviya" failures="0" tests="2" name="com.day6.SerilizationDeserilization" time="0.287" errors="0" timestamp="2023-09-14T11:40:12 IST" skipped="0">
  <testcase classname="com.day6.SerilizationDeserilization" name="convert2POJO" time="0.265"/>
  <system-out/>
  <testcase classname="com.day6.SerilizationDeserilization" name="convertJSON2pojo" time="0.022"/>
  <system-out/>
</testsuite> <!-- com.day6.SerilizationDeserilization -->
