<?xml version="1.0" encoding="UTF-8"?>
<!-- Generated by org.testng.reporters.JUnitReportReporter -->
<testsuite hostname="Oviya" failures="0" tests="1" name="com.day7.GenerateDummyData" time="0.223" errors="0" timestamp="2023-09-15T07:07:59 IST" skipped="0">
  <testcase classname="com.day7.GenerateDummyData" name="dummyData" time="0.223"/>
  <system-out/>
</testsuite> <!-- com.day7.GenerateDummyData -->
