<?xml version="1.0" encoding="UTF-8"?>
<!-- Generated by org.testng.reporters.JUnitReportReporter -->
<testsuite hostname="Oviya" failures="0" tests="4" name="com.java.programs.TestNgAnnotations" time="15.481" errors="0" timestamp="2023-09-29T12:49:44 IST" skipped="0">
  <testcase classname="com.java.programs.TestNgAnnotations" name="testMethod" time="4.857"/>
  <testcase classname="com.java.programs.TestNgAnnotations" name="testMethod2" time="3.579"/>
  <testcase classname="com.java.programs.TestNgAnnotations" name="testMethod2" time="3.409"/>
  <testcase classname="com.java.programs.TestNgAnnotations" name="testMethod2" time="3.636"/>
</testsuite> <!-- com.java.programs.TestNgAnnotations -->
