<?xml version="1.0" encoding="UTF-8"?>
<!-- Generated by org.testng.reporters.JUnitReportReporter -->
<testsuite hostname="Oviya" failures="0" tests="3" name="com.day2.PojoAutomationTester" time="2.551" errors="0" timestamp="2023-09-11T02:56:51 IST" skipped="0">
  <testcase classname="com.day2.PojoAutomationTester" name="createTester" time="2.380"/>
  <system-out/>
  <testcase classname="com.day2.PojoAutomationTester" name="getTester" time="0.119"/>
  <system-out/>
  <testcase classname="com.day2.PojoAutomationTester" name="deleteTester" time="0.052"/>
  <system-out/>
</testsuite> <!-- com.day2.PojoAutomationTester -->
