<?xml version="1.0" encoding="UTF-8"?>
<!-- Generated by org.testng.reporters.JUnitReportReporter -->
<testsuite hostname="Oviya" failures="0" tests="1" name="com.day8.GetUser" time="0.982" errors="0" timestamp="2023-09-19T05:57:37 IST" skipped="0">
  <testcase classname="com.day8.GetUser" name="getUserDetails" time="0.982"/>
  <system-out/>
</testsuite> <!-- com.day8.GetUser -->
