<?xml version="1.0" encoding="UTF-8"?>
<!-- Generated by org.testng.reporters.JUnitReportReporter -->
<testsuite hostname="Oviya" failures="0" tests="4" name="com.day1.HttpRequests" time="5.225" errors="0" timestamp="2023-09-10T09:30:59 IST" skipped="0">
  <testcase classname="com.day1.HttpRequests" name="getUsers" time="2.339"/>
  <system-out/>
  <testcase classname="com.day1.HttpRequests" name="createUser" time="1.302"/>
  <system-out/>
  <testcase classname="com.day1.HttpRequests" name="UpdateUser" time="0.765"/>
  <system-out/>
  <testcase classname="com.day1.HttpRequests" name="DeleteUser" time="0.819"/>
  <system-out/>
</testsuite> <!-- com.day1.HttpRequests -->
