<?xml version="1.0" encoding="UTF-8"?>
<!-- Generated by org.testng.reporters.JUnitReportReporter -->
<testsuite hostname="Oviya" failures="0" tests="1" name="com.day8.UpdateUser" time="1.428" errors="0" timestamp="2023-09-19T05:57:37 IST" skipped="0">
  <testcase classname="com.day8.UpdateUser" name="upDateUser" time="1.428"/>
  <system-out/>
</testsuite> <!-- com.day8.UpdateUser -->
