<?xml version="1.0" encoding="UTF-8"?>
<!-- Generated by org.testng.reporters.JUnitReportReporter -->
<testsuite hostname="Oviya" failures="0" tests="1" name="com.day3.CookiesDemo" time="1.799" errors="0" timestamp="2023-09-11T03:48:44 IST" skipped="0">
  <testcase classname="com.day3.CookiesDemo" name="getGoogleCookies" time="1.799"/>
  <system-out/>
</testsuite> <!-- com.day3.CookiesDemo -->
