<?xml version="1.0" encoding="UTF-8"?>
<!-- Generated by org.testng.reporters.JUnitReportReporter -->
<testsuite hostname="Oviya" failures="0" tests="2" name="com.pojo.OauthTest" time="1.445" errors="0" timestamp="2023-10-01T02:41:36 IST" skipped="0">
  <testcase classname="com.pojo.OauthTest" name="getCourse" time="1.193"/>
  <testcase classname="com.pojo.OauthTest" name="course" time="0.252"/>
</testsuite> <!-- com.pojo.OauthTest -->
