<?xml version="1.0" encoding="UTF-8"?>
<!-- Generated by org.testng.reporters.JUnitReportReporter -->
<testsuite hostname="Oviya" failures="0" tests="2" name="com.day5.ParshingXMLResponseData" time="2.737" errors="0" timestamp="2023-09-12T09:13:25 IST" skipped="0">
  <testcase classname="com.day5.ParshingXMLResponseData" name="testXMLResponse" time="2.360"/>
  <system-out/>
  <testcase classname="com.day5.ParshingXMLResponseData" name="testXMLResponseUsingResponseMethod" time="0.377"/>
  <system-out/>
</testsuite> <!-- com.day5.ParshingXMLResponseData -->
